#
# There is insufficient memory for the Java Runtime Environment to continue.
# Native memory allocation (malloc) failed to allocate 1874256 bytes for Chunk::new
# Possible reasons:
#   The system is out of physical RAM or swap space
#   In 32 bit mode, the process size limit was hit
# Possible solutions:
#   Reduce memory load on the system
#   Increase physical memory or swap space
#   Check if swap backing store is full
#   Use 64 bit Java on a 64 bit OS
#   Decrease Java heap size (-Xmx/-Xms)
#   Decrease number of Java threads
#   Decrease Java thread stack sizes (-Xss)
#   Set larger code cache with -XX:ReservedCodeCacheSize=
# This output file may be truncated or incomplete.
#
#  Out of Memory Error (allocation.cpp:390), pid=10584, tid=9308
#
# JRE version: Java(TM) SE Runtime Environment (8.0_91-b14) (build 1.8.0_91-b14)
# Java VM: Java HotSpot(TM) 64-Bit Server VM (25.91-b14 mixed mode windows-amd64 compressed oops)
# Failed to write core dump. Minidumps are not enabled by default on client versions of Windows
#

---------------  T H R E A D  ---------------

Current thread (0x0000000014f0e000):  JavaThread "C2 CompilerThread1" daemon [_thread_in_native, id=9308, stack(0x0000000016660000,0x0000000016760000)]

Stack: [0x0000000016660000,0x0000000016760000]
[error occurred during error reporting (printing stack bounds), id 0xc0000005]

Native frames: (J=compiled Java code, j=interpreted, Vv=VM code, C=native code)


Current CompileTask:
C2:   4317 2107       4       org.codehaus.groovy.runtime.metaclass.MetaMethodIndex::addMethodToList (284 bytes)


---------------  P R O C E S S  ---------------

Java Threads: ( => current thread )
  0x000000001a9c2000 JavaThread "File lock request listener" [_thread_in_native, id=13220, stack(0x000000001eb30000,0x000000001ec30000)]
  0x000000001a9bd800 JavaThread "Cache update executor" [_thread_blocked, id=11216, stack(0x000000001ea30000,0x000000001eb30000)]
  0x0000000017bcf800 JavaThread "Stdin handler" [_thread_blocked, id=10096, stack(0x0000000019850000,0x0000000019950000)]
  0x0000000017bd0800 JavaThread "Asynchronous log dispatcher for org.gradle.launcher.daemon.server.DefaultDaemonConnection@6ccfecf6" [_thread_blocked, id=1004, stack(0x0000000019750000,0x0000000019850000)]
  0x0000000017a84000 JavaThread "Daemon worker" [_thread_in_vm, id=11464, stack(0x0000000019650000,0x0000000019750000)]
  0x0000000017a9a000 JavaThread "Cancel handler" [_thread_blocked, id=10680, stack(0x0000000019550000,0x0000000019650000)]
  0x0000000017cdc000 JavaThread "Handler for socket connection from /127.0.0.1:51292 to /127.0.0.1:51293" [_thread_in_native, id=3112, stack(0x0000000019450000,0x0000000019550000)]
  0x0000000017b9e800 JavaThread "Daemon" [_thread_blocked, id=11300, stack(0x0000000019350000,0x0000000019450000)]
  0x0000000017979000 JavaThread "Incoming local TCP Connector on port 51292" [_thread_in_native, id=10312, stack(0x0000000018c70000,0x0000000018d70000)]
  0x00000000178fd000 JavaThread "pool-1-thread-1" [_thread_blocked, id=7596, stack(0x0000000018970000,0x0000000018a70000)]
  0x0000000014f5e800 JavaThread "Service Thread" daemon [_thread_blocked, id=4960, stack(0x0000000016c60000,0x0000000016d60000)]
  0x0000000014f10800 JavaThread "C1 CompilerThread2" daemon [_thread_blocked, id=1608, stack(0x0000000016760000,0x0000000016860000)]
=>0x0000000014f0e000 JavaThread "C2 CompilerThread1" daemon [_thread_in_native, id=9308, stack(0x0000000016660000,0x0000000016760000)]
  0x0000000014f0b800 JavaThread "C2 CompilerThread0" daemon [_thread_blocked, id=8784, stack(0x0000000016560000,0x0000000016660000)]
  0x0000000014f08000 JavaThread "Attach Listener" daemon [_thread_blocked, id=9924, stack(0x0000000016460000,0x0000000016560000)]
  0x0000000014f07000 JavaThread "Signal Dispatcher" daemon [_thread_blocked, id=4548, stack(0x0000000016360000,0x0000000016460000)]
  0x0000000014ef0000 JavaThread "Finalizer" daemon [_thread_blocked, id=13196, stack(0x0000000016170000,0x0000000016270000)]
  0x0000000002827000 JavaThread "Reference Handler" daemon [_thread_blocked, id=3668, stack(0x0000000016070000,0x0000000016170000)]
  0x0000000002735000 JavaThread "main" [_thread_blocked, id=12608, stack(0x0000000002590000,0x0000000002690000)]

Other Threads:
  0x0000000014ec7800 VMThread [stack: 0x0000000015f70000,0x0000000016070000] [id=12092]
  0x00000000168c2000 WatcherThread [stack: 0x0000000016d60000,0x0000000016e60000] [id=10256]

VM state:not at safepoint (normal execution)

VM Mutex/Monitor currently owned by a thread: None

Heap:
 PSYoungGen      total 71680K, used 58589K [0x00000000eab00000, 0x00000000ef600000, 0x0000000100000000)
  eden space 66560K, 88% used [0x00000000eab00000,0x00000000ee437780,0x00000000eec00000)
  from space 5120K, 0% used [0x00000000ef100000,0x00000000ef100000,0x00000000ef600000)
  to   space 5120K, 0% used [0x00000000eec00000,0x00000000eec00000,0x00000000ef100000)
 ParOldGen       total 62976K, used 7150K [0x00000000c0000000, 0x00000000c3d80000, 0x00000000eab00000)
  object space 62976K, 11% used [0x00000000c0000000,0x00000000c06fba58,0x00000000c3d80000)
 Metaspace       used 28611K, capacity 28998K, committed 29184K, reserved 1075200K
  class space    used 3924K, capacity 4056K, committed 4096K, reserved 1048576K

Card table byte_map: [0x0000000011bf0000,0x0000000011e00000] byte_map_base: 0x00000000115f0000

Marking Bits: (ParMarkBitMap*) 0x000000006f322f70
 Begin Bits: [0x0000000012360000, 0x0000000013360000)
 End Bits:   [0x0000000013360000, 0x0000000014360000)

Polling page: 0x0000000002690000

CodeCache: size=245760Kb used=7907Kb max_used=7919Kb free=237852Kb
 bounds [0x0000000002830000, 0x0000000003000000, 0x0000000011830000]
 total_blobs=2796 nmethods=2135 adapters=573
 compilation: enabled

Compilation events (10 events):
Event: 4.267 Thread 0x0000000014f10800 nmethod 2134 0x0000000002fe8c50 code [0x0000000002fe8e00, 0x0000000002fe94b0]
Event: 4.269 Thread 0x0000000014f10800 2135       3       java.util.concurrent.TimeUnit$3::toNanos (11 bytes)
Event: 4.269 Thread 0x0000000014f10800 nmethod 2135 0x0000000002fe4a50 code [0x0000000002fe4bc0, 0x0000000002fe4e30]
Event: 4.294 Thread 0x0000000014f10800 2136       3       java.util.Stack::empty (13 bytes)
Event: 4.294 Thread 0x0000000014f10800 nmethod 2136 0x0000000002fe9850 code [0x0000000002fe99c0, 0x0000000002fe9d90]
Event: 4.296 Thread 0x0000000014f0b800 nmethod 2128 0x0000000002feded0 code [0x0000000002fee0e0, 0x0000000002fef530]
Event: 4.296 Thread 0x0000000014f0b800 2133  s    4       sun.misc.URLClassPath::getNextLoader (88 bytes)
Event: 4.298 Thread 0x0000000014f0b800 nmethod 2133 0x0000000002fe4490 code [0x0000000002fe45e0, 0x0000000002fe4908]
Event: 4.312 Thread 0x0000000014f10800 2137       3       java.lang.ClassLoader::addClass (9 bytes)
Event: 4.313 Thread 0x0000000014f10800 nmethod 2137 0x0000000002feda90 code [0x0000000002fedc00, 0x0000000002fede28]

GC Heap History (10 events):
Event: 0.788 GC heap before
{Heap before GC invocations=1 (full 0):
 PSYoungGen      total 38400K, used 33280K [0x00000000eab00000, 0x00000000ed580000, 0x0000000100000000)
  eden space 33280K, 100% used [0x00000000eab00000,0x00000000ecb80000,0x00000000ecb80000)
  from space 5120K, 0% used [0x00000000ed080000,0x00000000ed080000,0x00000000ed580000)
  to   space 5120K, 0% used [0x00000000ecb80000,0x00000000ecb80000,0x00000000ed080000)
 ParOldGen       total 87552K, used 0K [0x00000000c0000000, 0x00000000c5580000, 0x00000000eab00000)
  object space 87552K, 0% used [0x00000000c0000000,0x00000000c0000000,0x00000000c5580000)
 Metaspace       used 6863K, capacity 7056K, committed 7168K, reserved 1056768K
  class space    used 864K, capacity 928K, committed 1024K, reserved 1048576K
Event: 0.794 GC heap after
Heap after GC invocations=1 (full 0):
 PSYoungGen      total 38400K, used 4596K [0x00000000eab00000, 0x00000000ed580000, 0x0000000100000000)
  eden space 33280K, 0% used [0x00000000eab00000,0x00000000eab00000,0x00000000ecb80000)
  from space 5120K, 89% used [0x00000000ecb80000,0x00000000ecffd028,0x00000000ed080000)
  to   space 5120K, 0% used [0x00000000ed080000,0x00000000ed080000,0x00000000ed580000)
 ParOldGen       total 87552K, used 8K [0x00000000c0000000, 0x00000000c5580000, 0x00000000eab00000)
  object space 87552K, 0% used [0x00000000c0000000,0x00000000c0002000,0x00000000c5580000)
 Metaspace       used 6863K, capacity 7056K, committed 7168K, reserved 1056768K
  class space    used 864K, capacity 928K, committed 1024K, reserved 1048576K
}
Event: 1.610 GC heap before
{Heap before GC invocations=2 (full 0):
 PSYoungGen      total 38400K, used 37876K [0x00000000eab00000, 0x00000000ed580000, 0x0000000100000000)
  eden space 33280K, 100% used [0x00000000eab00000,0x00000000ecb80000,0x00000000ecb80000)
  from space 5120K, 89% used [0x00000000ecb80000,0x00000000ecffd028,0x00000000ed080000)
  to   space 5120K, 0% used [0x00000000ed080000,0x00000000ed080000,0x00000000ed580000)
 ParOldGen       total 87552K, used 8K [0x00000000c0000000, 0x00000000c5580000, 0x00000000eab00000)
  object space 87552K, 0% used [0x00000000c0000000,0x00000000c0002000,0x00000000c5580000)
 Metaspace       used 13409K, capacity 13772K, committed 14080K, reserved 1060864K
  class space    used 1865K, capacity 1991K, committed 2048K, reserved 1048576K
Event: 1.616 GC heap after
Heap after GC invocations=2 (full 0):
 PSYoungGen      total 38400K, used 5099K [0x00000000eab00000, 0x00000000ed580000, 0x0000000100000000)
  eden space 33280K, 0% used [0x00000000eab00000,0x00000000eab00000,0x00000000ecb80000)
  from space 5120K, 99% used [0x00000000ed080000,0x00000000ed57af68,0x00000000ed580000)
  to   space 5120K, 0% used [0x00000000ecb80000,0x00000000ecb80000,0x00000000ed080000)
 ParOldGen       total 87552K, used 965K [0x00000000c0000000, 0x00000000c5580000, 0x00000000eab00000)
  object space 87552K, 1% used [0x00000000c0000000,0x00000000c00f1470,0x00000000c5580000)
 Metaspace       used 13409K, capacity 13772K, committed 14080K, reserved 1060864K
  class space    used 1865K, capacity 1991K, committed 2048K, reserved 1048576K
}
Event: 2.381 GC heap before
{Heap before GC invocations=3 (full 0):
 PSYoungGen      total 38400K, used 38379K [0x00000000eab00000, 0x00000000ed580000, 0x0000000100000000)
  eden space 33280K, 100% used [0x00000000eab00000,0x00000000ecb80000,0x00000000ecb80000)
  from space 5120K, 99% used [0x00000000ed080000,0x00000000ed57af68,0x00000000ed580000)
  to   space 5120K, 0% used [0x00000000ecb80000,0x00000000ecb80000,0x00000000ed080000)
 ParOldGen       total 87552K, used 965K [0x00000000c0000000, 0x00000000c5580000, 0x00000000eab00000)
  object space 87552K, 1% used [0x00000000c0000000,0x00000000c00f1470,0x00000000c5580000)
 Metaspace       used 19444K, capacity 19724K, committed 20096K, reserved 1067008K
  class space    used 2691K, capacity 2823K, committed 2944K, reserved 1048576K
Event: 2.397 GC heap after
Heap after GC invocations=3 (full 0):
 PSYoungGen      total 38400K, used 5088K [0x00000000eab00000, 0x00000000ef600000, 0x0000000100000000)
  eden space 33280K, 0% used [0x00000000eab00000,0x00000000eab00000,0x00000000ecb80000)
  from space 5120K, 99% used [0x00000000ecb80000,0x00000000ed078020,0x00000000ed080000)
  to   space 5120K, 0% used [0x00000000ef100000,0x00000000ef100000,0x00000000ef600000)
 ParOldGen       total 87552K, used 5496K [0x00000000c0000000, 0x00000000c5580000, 0x00000000eab00000)
  object space 87552K, 6% used [0x00000000c0000000,0x00000000c055e098,0x00000000c5580000)
 Metaspace       used 19444K, capacity 19724K, committed 20096K, reserved 1067008K
  class space    used 2691K, capacity 2823K, committed 2944K, reserved 1048576K
}
Event: 2.737 GC heap before
{Heap before GC invocations=4 (full 0):
 PSYoungGen      total 38400K, used 17027K [0x00000000eab00000, 0x00000000ef600000, 0x0000000100000000)
  eden space 33280K, 35% used [0x00000000eab00000,0x00000000eb6a8e08,0x00000000ecb80000)
  from space 5120K, 99% used [0x00000000ecb80000,0x00000000ed078020,0x00000000ed080000)
  to   space 5120K, 0% used [0x00000000ef100000,0x00000000ef100000,0x00000000ef600000)
 ParOldGen       total 87552K, used 5496K [0x00000000c0000000, 0x00000000c5580000, 0x00000000eab00000)
  object space 87552K, 6% used [0x00000000c0000000,0x00000000c055e098,0x00000000c5580000)
 Metaspace       used 20948K, capacity 21176K, committed 21296K, reserved 1067008K
  class space    used 2824K, capacity 2922K, committed 2944K, reserved 1048576K
Event: 2.749 GC heap after
Heap after GC invocations=4 (full 0):
 PSYoungGen      total 71680K, used 5104K [0x00000000eab00000, 0x00000000ef600000, 0x0000000100000000)
  eden space 66560K, 0% used [0x00000000eab00000,0x00000000eab00000,0x00000000eec00000)
  from space 5120K, 99% used [0x00000000ef100000,0x00000000ef5fc010,0x00000000ef600000)
  to   space 5120K, 0% used [0x00000000eec00000,0x00000000eec00000,0x00000000ef100000)
 ParOldGen       total 87552K, used 6774K [0x00000000c0000000, 0x00000000c5580000, 0x00000000eab00000)
  object space 87552K, 7% used [0x00000000c0000000,0x00000000c069da90,0x00000000c5580000)
 Metaspace       used 20948K, capacity 21176K, committed 21296K, reserved 1067008K
  class space    used 2824K, capacity 2922K, committed 2944K, reserved 1048576K
}
Event: 2.749 GC heap before
{Heap before GC invocations=5 (full 1):
 PSYoungGen      total 71680K, used 5104K [0x00000000eab00000, 0x00000000ef600000, 0x0000000100000000)
  eden space 66560K, 0% used [0x00000000eab00000,0x00000000eab00000,0x00000000eec00000)
  from space 5120K, 99% used [0x00000000ef100000,0x00000000ef5fc010,0x00000000ef600000)
  to   space 5120K, 0% used [0x00000000eec00000,0x00000000eec00000,0x00000000ef100000)
 ParOldGen       total 87552K, used 6774K [0x00000000c0000000, 0x00000000c5580000, 0x00000000eab00000)
  object space 87552K, 7% used [0x00000000c0000000,0x00000000c069da90,0x00000000c5580000)
 Metaspace       used 20948K, capacity 21176K, committed 21296K, reserved 1067008K
  class space    used 2824K, capacity 2922K, committed 2944K, reserved 1048576K
Event: 2.804 GC heap after
Heap after GC invocations=5 (full 1):
 PSYoungGen      total 71680K, used 0K [0x00000000eab00000, 0x00000000ef600000, 0x0000000100000000)
  eden space 66560K, 0% used [0x00000000eab00000,0x00000000eab00000,0x00000000eec00000)
  from space 5120K, 0% used [0x00000000ef100000,0x00000000ef100000,0x00000000ef600000)
  to   space 5120K, 0% used [0x00000000eec00000,0x00000000eec00000,0x00000000ef100000)
 ParOldGen       total 62976K, used 7150K [0x00000000c0000000, 0x00000000c3d80000, 0x00000000eab00000)
  object space 62976K, 11% used [0x00000000c0000000,0x00000000c06fba58,0x00000000c3d80000)
 Metaspace       used 20948K, capacity 21176K, committed 21296K, reserved 1067008K
  class space    used 2824K, capacity 2922K, committed 2944K, reserved 1048576K
}

Deoptimization events (10 events):
Event: 3.076 Thread 0x0000000017a84000 Uncommon trap: reason=class_check action=maybe_recompile pc=0x0000000002ea018c method=java.lang.reflect.Method.equals(Ljava/lang/Object;)Z @ 5
Event: 3.080 Thread 0x0000000017a84000 Uncommon trap: reason=class_check action=maybe_recompile pc=0x0000000002ea018c method=java.lang.reflect.Method.equals(Ljava/lang/Object;)Z @ 5
Event: 3.712 Thread 0x0000000017a84000 Uncommon trap: reason=unstable_if action=reinterpret pc=0x000000000298df60 method=java.net.URI.match(CJJ)Z @ 45
Event: 4.033 Thread 0x0000000017a84000 Uncommon trap: reason=class_check action=maybe_recompile pc=0x0000000002f6d8fc method=java.util.Hashtable.get(Ljava/lang/Object;)Ljava/lang/Object; @ 6
Event: 4.033 Thread 0x0000000017a84000 Uncommon trap: reason=class_check action=maybe_recompile pc=0x0000000002f6d8fc method=java.util.Hashtable.get(Ljava/lang/Object;)Ljava/lang/Object; @ 6
Event: 4.034 Thread 0x0000000017a84000 Uncommon trap: reason=class_check action=maybe_recompile pc=0x0000000002f6d8fc method=java.util.Hashtable.get(Ljava/lang/Object;)Ljava/lang/Object; @ 6
Event: 4.036 Thread 0x0000000017a84000 Uncommon trap: reason=class_check action=maybe_recompile pc=0x0000000002f6d8fc method=java.util.Hashtable.get(Ljava/lang/Object;)Ljava/lang/Object; @ 6
Event: 4.215 Thread 0x0000000017a84000 Uncommon trap: reason=unstable_if action=reinterpret pc=0x0000000002f73b4c method=java.net.URLClassLoader.isSealed(Ljava/lang/String;Ljava/util/jar/Manifest;)Z @ 26
Event: 4.216 Thread 0x0000000017a84000 Uncommon trap: reason=unstable_if action=reinterpret pc=0x0000000002f49b84 method=java.net.URLClassLoader.isSealed(Ljava/lang/String;Ljava/util/jar/Manifest;)Z @ 26
Event: 4.262 Thread 0x0000000017a84000 Uncommon trap: reason=unstable_if action=reinterpret pc=0x0000000002a215a8 method=java.lang.String.replace(CC)Ljava/lang/String; @ 2

Internal exceptions (10 events):
Event: 4.177 Thread 0x0000000017a84000 Exception <a 'java/lang/ClassNotFoundException': groovy/lang/GStringCustomizer> (0x00000000edee7438) thrown at [C:\re\workspace\8-2-build-windows-amd64-cygwin\jdk8u91\6644\hotspot\src\share\vm\classfile\systemDictionary.cpp, line 210]
Event: 4.179 Thread 0x0000000017a84000 Exception <a 'java/lang/ClassNotFoundException': groovy/lang/GString$1Customizer> (0x00000000edf080c0) thrown at [C:\re\workspace\8-2-build-windows-amd64-cygwin\jdk8u91\6644\hotspot\src\share\vm\classfile\systemDictionary.cpp, line 210]
Event: 4.182 Thread 0x0000000017a84000 Exception <a 'java/lang/ClassNotFoundException': org/codehaus/groovy/runtime/GStringImplBeanInfo> (0x00000000edf55da8) thrown at [C:\re\workspace\8-2-build-windows-amd64-cygwin\jdk8u91\6644\hotspot\src\share\vm\classfile\systemDictionary.cpp, line 210]
Event: 4.183 Thread 0x0000000017a84000 Exception <a 'java/lang/ClassNotFoundException': org/codehaus/groovy/runtime/GStringImplCustomizer> (0x00000000edf71020) thrown at [C:\re\workspace\8-2-build-windows-amd64-cygwin\jdk8u91\6644\hotspot\src\share\vm\classfile\systemDictionary.cpp, line 210]
Event: 4.185 Thread 0x0000000017a84000 Exception <a 'java/lang/ClassNotFoundException': java/io/PrintWriterBeanInfo> (0x00000000edf98988) thrown at [C:\re\workspace\8-2-build-windows-amd64-cygwin\jdk8u91\6644\hotspot\src\share\vm\classfile\systemDictionary.cpp, line 210]
Event: 4.186 Thread 0x0000000017a84000 Exception <a 'java/lang/ClassNotFoundException': java/io/WriterBeanInfo> (0x00000000edfa5cf0) thrown at [C:\re\workspace\8-2-build-windows-amd64-cygwin\jdk8u91\6644\hotspot\src\share\vm\classfile\systemDictionary.cpp, line 210]
Event: 4.186 Thread 0x0000000017a84000 Exception <a 'java/lang/ClassNotFoundException': java/io/WriterCustomizer> (0x00000000edfb3b78) thrown at [C:\re\workspace\8-2-build-windows-amd64-cygwin\jdk8u91\6644\hotspot\src\share\vm\classfile\systemDictionary.cpp, line 210]
Event: 4.187 Thread 0x0000000017a84000 Exception <a 'java/lang/ClassNotFoundException': java/io/PrintWriterCustomizer> (0x00000000edfcaa18) thrown at [C:\re\workspace\8-2-build-windows-amd64-cygwin\jdk8u91\6644\hotspot\src\share\vm\classfile\systemDictionary.cpp, line 210]
Event: 4.194 Thread 0x0000000017a84000 Exception <a 'java/lang/ClassNotFoundException': java/lang/StringBeanInfo> (0x00000000ee090f20) thrown at [C:\re\workspace\8-2-build-windows-amd64-cygwin\jdk8u91\6644\hotspot\src\share\vm\classfile\systemDictionary.cpp, line 210]
Event: 4.194 Thread 0x0000000017a84000 Exception <a 'java/lang/ClassNotFoundException': java/lang/StringCustomizer> (0x00000000ee09e670) thrown at [C:\re\workspace\8-2-build-windows-amd64-cygwin\jdk8u91\6644\hotspot\src\share\vm\classfile\systemDictionary.cpp, line 210]

Events (10 events):
Event: 4.312 loading class org/apache/tools/ant/PropertyHelper$2
Event: 4.312 loading class org/apache/tools/ant/PropertyHelper$2 done
Event: 4.312 loading class org/apache/tools/ant/PropertyHelper$3
Event: 4.312 loading class org/apache/tools/ant/PropertyHelper$3 done
Event: 4.312 loading class org/apache/tools/ant/PropertyHelper$4
Event: 4.312 loading class org/apache/tools/ant/PropertyHelper$4 done
Event: 4.313 loading class org/gradle/internal/logging/LogLevelMapping
Event: 4.313 loading class org/gradle/internal/logging/LogLevelMapping done
Event: 4.314 loading class org/gradle/internal/logging/LogLevelMapping$1
Event: 4.314 loading class org/gradle/internal/logging/LogLevelMapping$1 done


Dynamic libraries:
0x00007ff664f70000 - 0x00007ff664fa7000 	C:\Program Files\Java\jdk1.8.0_91\bin\java.exe
0x00007ff8f1740000 - 0x00007ff8f191b000 	C:\WINDOWS\SYSTEM32\ntdll.dll
0x00007ff8ef0e0000 - 0x00007ff8ef18e000 	C:\WINDOWS\System32\KERNEL32.DLL
0x00007ff8edc60000 - 0x00007ff8edea9000 	C:\WINDOWS\System32\KERNELBASE.dll
0x00007ff8f11a0000 - 0x00007ff8f1241000 	C:\WINDOWS\System32\ADVAPI32.dll
0x00007ff8ef040000 - 0x00007ff8ef0dd000 	C:\WINDOWS\System32\msvcrt.dll
0x00007ff8ef4c0000 - 0x00007ff8ef519000 	C:\WINDOWS\System32\sechost.dll
0x00007ff8ef740000 - 0x00007ff8ef865000 	C:\WINDOWS\System32\RPCRT4.dll
0x00007ff8eed20000 - 0x00007ff8eee6a000 	C:\WINDOWS\System32\USER32.dll
0x00007ff8ee250000 - 0x00007ff8ee26e000 	C:\WINDOWS\System32\win32u.dll
0x00007ff8f1260000 - 0x00007ff8f1287000 	C:\WINDOWS\System32\GDI32.dll
0x00007ff8eea60000 - 0x00007ff8eebe8000 	C:\WINDOWS\System32\gdi32full.dll
0x00007ff8ee9c0000 - 0x00007ff8eea5a000 	C:\WINDOWS\System32\msvcp_win.dll
0x00007ff8ee080000 - 0x00007ff8ee176000 	C:\WINDOWS\System32\ucrtbase.dll
0x00007ff8e2f10000 - 0x00007ff8e3177000 	C:\WINDOWS\WinSxS\amd64_microsoft.windows.common-controls_6595b64144ccf1df_6.0.15063.483_none_26002d27e7c744a2\COMCTL32.dll
0x00007ff8efa60000 - 0x00007ff8efd59000 	C:\WINDOWS\System32\combase.dll
0x00007ff8ee180000 - 0x00007ff8ee1ea000 	C:\WINDOWS\System32\bcryptPrimitives.dll
0x00007ff8ef490000 - 0x00007ff8ef4bd000 	C:\WINDOWS\System32\IMM32.DLL
0x000000006f3b0000 - 0x000000006f482000 	C:\Program Files\Java\jdk1.8.0_91\jre\bin\msvcr100.dll
0x000000006eb10000 - 0x000000006f3a3000 	C:\Program Files\Java\jdk1.8.0_91\jre\bin\server\jvm.dll
0x00007ff8eeca0000 - 0x00007ff8eeca8000 	C:\WINDOWS\System32\PSAPI.DLL
0x00007ff8eaef0000 - 0x00007ff8eaf13000 	C:\WINDOWS\SYSTEM32\WINMM.dll
0x00007ff8df7d0000 - 0x00007ff8df7da000 	C:\WINDOWS\SYSTEM32\VERSION.dll
0x00007ff8eac00000 - 0x00007ff8eac09000 	C:\WINDOWS\SYSTEM32\WSOCK32.dll
0x00007ff8f16d0000 - 0x00007ff8f173c000 	C:\WINDOWS\System32\WS2_32.dll
0x00007ff8eae90000 - 0x00007ff8eaebb000 	C:\WINDOWS\SYSTEM32\WINMMBASE.dll
0x00007ff8ee270000 - 0x00007ff8ee2b9000 	C:\WINDOWS\System32\cfgmgr32.dll
0x00000000701c0000 - 0x00000000701cf000 	C:\Program Files\Java\jdk1.8.0_91\jre\bin\verify.dll
0x000000006eae0000 - 0x000000006eb09000 	C:\Program Files\Java\jdk1.8.0_91\jre\bin\java.dll
0x000000006eac0000 - 0x000000006ead6000 	C:\Program Files\Java\jdk1.8.0_91\jre\bin\zip.dll
0x00007ff8efd60000 - 0x00007ff8f1196000 	C:\WINDOWS\System32\SHELL32.dll
0x00007ff8eef30000 - 0x00007ff8eefda000 	C:\WINDOWS\System32\shcore.dll
0x00007ff8ee2c0000 - 0x00007ff8ee9b3000 	C:\WINDOWS\System32\windows.storage.dll
0x00007ff8eefe0000 - 0x00007ff8ef031000 	C:\WINDOWS\System32\shlwapi.dll
0x00007ff8edc40000 - 0x00007ff8edc51000 	C:\WINDOWS\System32\kernel.appcore.dll
0x00007ff8edbd0000 - 0x00007ff8edc1c000 	C:\WINDOWS\System32\powrprof.dll
0x00007ff8edc20000 - 0x00007ff8edc35000 	C:\WINDOWS\System32\profapi.dll
0x000000006eaa0000 - 0x000000006eaba000 	C:\Program Files\Java\jdk1.8.0_91\jre\bin\net.dll
0x00007ff8ed460000 - 0x00007ff8ed4bc000 	C:\WINDOWS\system32\mswsock.dll
0x000000006ea80000 - 0x000000006ea91000 	C:\Program Files\Java\jdk1.8.0_91\jre\bin\nio.dll
0x00007ff8eaf40000 - 0x00007ff8eaf5e000 	C:\Users\Xycho\.gradle\native\21\windows-amd64\native-platform.dll
0x00007ff8ed660000 - 0x00007ff8ed677000 	C:\WINDOWS\SYSTEM32\CRYPTSP.dll
0x00007ff8ed080000 - 0x00007ff8ed0b4000 	C:\WINDOWS\system32\rsaenh.dll
0x00007ff8ed770000 - 0x00007ff8ed795000 	C:\WINDOWS\SYSTEM32\bcrypt.dll
0x00007ff8edab0000 - 0x00007ff8edad9000 	C:\WINDOWS\SYSTEM32\USERENV.dll
0x00007ff8ed680000 - 0x00007ff8ed68b000 	C:\WINDOWS\SYSTEM32\CRYPTBASE.dll
0x00007ff8ed200000 - 0x00007ff8ed237000 	C:\WINDOWS\SYSTEM32\IPHLPAPI.DLL
0x00007ff8eed10000 - 0x00007ff8eed18000 	C:\WINDOWS\System32\NSI.dll
0x00007ff8e4b70000 - 0x00007ff8e4b86000 	C:\WINDOWS\SYSTEM32\dhcpcsvc6.DLL
0x00007ff8e6c80000 - 0x00007ff8e6c9a000 	C:\WINDOWS\SYSTEM32\dhcpcsvc.DLL
0x00000000701b0000 - 0x00000000701bd000 	C:\Program Files\Java\jdk1.8.0_91\jre\bin\management.dll

VM Arguments:
jvm_args: -XX:MaxPermSize=256m -XX:+HeapDumpOnOutOfMemoryError -Xmx1024m -Dfile.encoding=windows-1252 -Duser.country=US -Duser.language=en -Duser.variant 
java_command: org.gradle.launcher.daemon.bootstrap.GradleDaemon 3.2
java_class_path (initial): C:\Program Files\Android\Android Studio\gradle\gradle-3.2\lib\gradle-launcher-3.2.jar
Launcher Type: SUN_STANDARD

Environment Variables:
JAVA_HOME=C:\Program Files\java\jdk1.8.0_91
CLASSPATH=C:\Program Files\Android\Android Studio\gradle\gradle-3.2\bin\..\lib\gradle-launcher-3.2.jar
PATH=C:\Program Files (x86)\NVIDIA Corporation\PhysX\Common;C:\Program Files (x86)\Intel\iCLS Client\;C:\Program Files\Intel\iCLS Client\;C:\ProgramData\Oracle\Java\javapath;C:\WINDOWS\system32;C:\WINDOWS;C:\WINDOWS\System32\Wbem;C:\WINDOWS\System32\WindowsPowerShell\v1.0\;C:\Program Files\Intel\Intel(R) Management Engine Components\DAL;C:\Program Files (x86)\Intel\Intel(R) Management Engine Components\DAL;C:\Program Files\Intel\Intel(R) Management Engine Components\IPT;C:\Program Files (x86)\Intel\Intel(R) Management Engine Components\IPT;C:\Program Files (x86)\Intel\OpenCL SDK\2.0\bin\x86;C:\Program Files (x86)\Intel\OpenCL SDK\2.0\bin\x64;C:\Program Files\Microsoft SQL Server\130\Tools\Binn\;C:\Program Files\Microsoft\Web Platform Installer\;C:\Program Files\dotnet\;C:\Program Files (x86)\Microsoft SQL Server\110\DTS\Binn\;C:\Program Files (x86)\Microsoft SQL Server\120\DTS\Binn\;C:\Program Files (x86)\Microsoft SQL Server\130\DTS\Binn\;C:\Program Files (x86)\ATI Technologies\ATI.ACE\Core-Static;C:\Program Files (x86)\Windows Live\Shared;C:\Program Files (x86)\QuickTime\QTSystem\;C:\Program Files\MySQL\MySQL Utilities 1.6\;C:\Program Files\nodejs\;C:\Users\Xycho\AppData\Local\Microsoft\WindowsApps;C:\Users\Xycho\AppData\Local\Microsoft\WindowsApps;C:\Users\Xycho\AppData\Local\GitHubDesktop\bin;C:\Users\Xycho\AppData\Roaming\npm;C:\Users\Xycho\AppData\Local\atom\bin;C:\Program Files\java\jdk1.8.0_91\bin;C:\Users\Xycho\AppData\Local\Android\sdk\tools;C:\Users\Xycho\AppData\Local\Android\sdk\platform-tools;C:\Users\Xycho\AppData\Local\Android\sdk\tools\bin
USERNAME=Xycho
OS=Windows_NT
PROCESSOR_IDENTIFIER=Intel64 Family 6 Model 42 Stepping 7, GenuineIntel



---------------  S Y S T E M  ---------------

OS: Windows 10.0 , 64 bit Build 15063 (10.0.15063.296)

CPU:total 4 (2 cores per cpu, 2 threads per core) family 6 model 42 stepping 7, cmov, cx8, fxsr, mmx, sse, sse2, sse3, ssse3, sse4.1, sse4.2, popcnt, avx, aes, clmul, ht, tsc, tscinvbit

Memory: 4k page, physical 8296812k(710728k free), swap 9345388k(3772k free)

vm_info: Java HotSpot(TM) 64-Bit Server VM (25.91-b14) for windows-amd64 JRE (1.8.0_91-b14), built on Apr  1 2016 00:58:32 by "java_re" with MS VC++ 10.0 (VS2010)

time: Tue Oct 10 09:15:07 2017
elapsed time: 4 seconds (0d 0h 0m 4s)

